<?xml version="1.0" encoding="UTF-8"?>
<!-- Generated by org.testng.reporters.JUnitReportReporter -->
<testsuite hostname="DESKTOP-A54I250" failures="0" tests="1" name="Automation.Batch3FinalProject.LoginTest" time="0.000" errors="0" timestamp="17 Dec 2023 07:53:21 GMT" skipped="1">
  <testcase classname="Automation.Batch3FinalProject.LoginTest" name="navigation" time="0.000">
    <skipped/>
  </testcase> <!-- navigation -->
</testsuite> <!-- Automation.Batch3FinalProject.LoginTest -->
